# JRE version: Java(TM) SE Runtime Environment (8.0_371) (build 1.8.0_371-b11)
# Java VM: Java HotSpot(TM) 64-Bit Server VM (25.371-b11 mixed mode windows-amd64 compressed oops)
Heap:
 PSYoungGen      total 105472K, used 19052K [0x00000000eab00000, 0x00000000f3c00000, 0x0000000100000000)
  eden space 96256K, 13% used [0x00000000eab00000,0x00000000eb7f3878,0x00000000f0900000)
  from space 9216K, 62% used [0x00000000f1380000,0x00000000f19278d8,0x00000000f1c80000)
  to   space 10752K, 0% used [0x00000000f0900000,0x00000000f0900000,0x00000000f1380000)
 ParOldGen       total 155648K, used 14778K [0x00000000c0000000, 0x00000000c9800000, 0x00000000eab00000)
  object space 155648K, 9% used [0x00000000c0000000,0x00000000c0e6eb90,0x00000000c9800000)
 Metaspace       used 40976K, capacity 42020K, committed 42200K, reserved 1085440K
  class space    used 5121K, capacity 5607K, committed 5632K, reserved 1048576K
GC Heap History (10 events):
Event: 3.066 GC heap before
{Heap before GC invocations=6 (full 1):
 PSYoungGen      total 70656K, used 60928K [0x00000000eab00000, 0x00000000ef980000, 0x0000000100000000)
  eden space 60928K, 100% used [0x00000000eab00000,0x00000000ee680000,0x00000000ee680000)
  from space 9728K, 0% used [0x00000000ef000000,0x00000000ef000000,0x00000000ef980000)
  to   space 9728K, 0% used [0x00000000ee680000,0x00000000ee680000,0x00000000ef000000)
 ParOldGen       total 94208K, used 7746K [0x00000000c0000000, 0x00000000c5c00000, 0x00000000eab00000)
  object space 94208K, 8% used [0x00000000c0000000,0x00000000c0790900,0x00000000c5c00000)
 Metaspace       used 28648K, capacity 28916K, committed 29312K, reserved 1075200K
  class space    used 3803K, capacity 3874K, committed 3968K, reserved 1048576K
Event: 3.071 GC heap after
Heap after GC invocations=6 (full 1):
 PSYoungGen      total 70656K, used 8207K [0x00000000eab00000, 0x00000000f1c80000, 0x0000000100000000)
  eden space 60928K, 0% used [0x00000000eab00000,0x00000000eab00000,0x00000000ee680000)
  from space 9728K, 84% used [0x00000000ee680000,0x00000000eee83eb8,0x00000000ef000000)
  to   space 9216K, 0% used [0x00000000f1380000,0x00000000f1380000,0x00000000f1c80000)
 ParOldGen       total 94208K, used 7754K [0x00000000c0000000, 0x00000000c5c00000, 0x00000000eab00000)
  object space 94208K, 8% used [0x00000000c0000000,0x00000000c0792900,0x00000000c5c00000)
 Metaspace       used 28648K, capacity 28916K, committed 29312K, reserved 1075200K
  class space    used 3803K, capacity 3874K, committed 3968K, reserved 1048576K
}
Event: 3.747 GC heap before
{Heap before GC invocations=7 (full 1):
 PSYoungGen      total 70656K, used 65317K [0x00000000eab00000, 0x00000000f1c80000, 0x0000000100000000)
  eden space 60928K, 93% used [0x00000000eab00000,0x00000000ee2c55b8,0x00000000ee680000)
  from space 9728K, 84% used [0x00000000ee680000,0x00000000eee83eb8,0x00000000ef000000)
  to   space 9216K, 0% used [0x00000000f1380000,0x00000000f1380000,0x00000000f1c80000)
 ParOldGen       total 94208K, used 7754K [0x00000000c0000000, 0x00000000c5c00000, 0x00000000eab00000)
  object space 94208K, 8% used [0x00000000c0000000,0x00000000c0792900,0x00000000c5c00000)
 Metaspace       used 34851K, capacity 35196K, committed 35416K, reserved 1079296K
  class space    used 4524K, capacity 4633K, committed 4736K, reserved 1048576K
Event: 3.752 GC heap after
Heap after GC invocations=7 (full 1):
 PSYoungGen      total 105984K, used 9214K [0x00000000eab00000, 0x00000000f1e00000, 0x0000000100000000)
  eden space 96768K, 0% used [0x00000000eab00000,0x00000000eab00000,0x00000000f0980000)
  from space 9216K, 99% used [0x00000000f1380000,0x00000000f1c7f8d8,0x00000000f1c80000)
  to   space 10240K, 0% used [0x00000000f0980000,0x00000000f0980000,0x00000000f1380000)
 ParOldGen       total 94208K, used 8009K [0x00000000c0000000, 0x00000000c5c00000, 0x00000000eab00000)
  object space 94208K, 8% used [0x00000000c0000000,0x00000000c07d26a8,0x00000000c5c00000)
 Metaspace       used 34851K, capacity 35196K, committed 35416K, reserved 1079296K
  class space    used 4524K, capacity 4633K, committed 4736K, reserved 1048576K
}
Event: 3.752 GC heap before
{Heap before GC invocations=8 (full 2):
 PSYoungGen      total 105984K, used 9214K [0x00000000eab00000, 0x00000000f1e00000, 0x0000000100000000)
  eden space 96768K, 0% used [0x00000000eab00000,0x00000000eab00000,0x00000000f0980000)
  from space 9216K, 99% used [0x00000000f1380000,0x00000000f1c7f8d8,0x00000000f1c80000)
  to   space 10240K, 0% used [0x00000000f0980000,0x00000000f0980000,0x00000000f1380000)
 ParOldGen       total 94208K, used 8009K [0x00000000c0000000, 0x00000000c5c00000, 0x00000000eab00000)
  object space 94208K, 8% used [0x00000000c0000000,0x00000000c07d26a8,0x00000000c5c00000)
 Metaspace       used 34851K, capacity 35196K, committed 35416K, reserved 1079296K
  class space    used 4524K, capacity 4633K, committed 4736K, reserved 1048576K
Event: 3.780 GC heap after
Heap after GC invocations=8 (full 2):
 PSYoungGen      total 105984K, used 0K [0x00000000eab00000, 0x00000000f1e00000, 0x0000000100000000)
  eden space 96768K, 0% used [0x00000000eab00000,0x00000000eab00000,0x00000000f0980000)
  from space 9216K, 0% used [0x00000000f1380000,0x00000000f1380000,0x00000000f1c80000)
  to   space 10240K, 0% used [0x00000000f0980000,0x00000000f0980000,0x00000000f1380000)
 ParOldGen       total 155648K, used 14762K [0x00000000c0000000, 0x00000000c9800000, 0x00000000eab00000)
  object space 155648K, 9% used [0x00000000c0000000,0x00000000c0e6ab90,0x00000000c9800000)
 Metaspace       used 34851K, capacity 35196K, committed 35416K, reserved 1079296K
  class space    used 4524K, capacity 4633K, committed 4736K, reserved 1048576K
}
Event: 4.134 GC heap before
{Heap before GC invocations=9 (full 2):
 PSYoungGen      total 105984K, used 96768K [0x00000000eab00000, 0x00000000f1e00000, 0x0000000100000000)
  eden space 96768K, 100% used [0x00000000eab00000,0x00000000f0980000,0x00000000f0980000)
  from space 9216K, 0% used [0x00000000f1380000,0x00000000f1380000,0x00000000f1c80000)
  to   space 10240K, 0% used [0x00000000f0980000,0x00000000f0980000,0x00000000f1380000)
 ParOldGen       total 155648K, used 14762K [0x00000000c0000000, 0x00000000c9800000, 0x00000000eab00000)
  object space 155648K, 9% used [0x00000000c0000000,0x00000000c0e6ab90,0x00000000c9800000)
 Metaspace       used 36208K, capacity 36540K, committed 36824K, reserved 1081344K
  class space    used 4646K, capacity 4761K, committed 4864K, reserved 1048576K
Event: 5.310 GC heap after
Heap after GC invocations=9 (full 2):
 PSYoungGen      total 107008K, used 1636K [0x00000000eab00000, 0x00000000f1e00000, 0x0000000100000000)
  eden space 96768K, 0% used [0x00000000eab00000,0x00000000eab00000,0x00000000f0980000)
  from space 10240K, 15% used [0x00000000f0980000,0x00000000f0b19128,0x00000000f1380000)
  to   space 9216K, 0% used [0x00000000f1380000,0x00000000f1380000,0x00000000f1c80000)
 ParOldGen       total 155648K, used 14770K [0x00000000c0000000, 0x00000000c9800000, 0x00000000eab00000)
  object space 155648K, 9% used [0x00000000c0000000,0x00000000c0e6cb90,0x00000000c9800000)
 Metaspace       used 36208K, capacity 36540K, committed 36824K, reserved 1081344K
  class space    used 4646K, capacity 4761K, committed 4864K, reserved 1048576K
}
Event: 6.118 GC heap before
{Heap before GC invocations=10 (full 2):
 PSYoungGen      total 107008K, used 98404K [0x00000000eab00000, 0x00000000f1e00000, 0x0000000100000000)
  eden space 96768K, 100% used [0x00000000eab00000,0x00000000f0980000,0x00000000f0980000)
  from space 10240K, 15% used [0x00000000f0980000,0x00000000f0b19128,0x00000000f1380000)
  to   space 9216K, 0% used [0x00000000f1380000,0x00000000f1380000,0x00000000f1c80000)
 ParOldGen       total 155648K, used 14770K [0x00000000c0000000, 0x00000000c9800000, 0x00000000eab00000)
  object space 155648K, 9% used [0x00000000c0000000,0x00000000c0e6cb90,0x00000000c9800000)
 Metaspace       used 40224K, capacity 41110K, committed 41176K, reserved 1085440K
  class space    used 5013K, capacity 5372K, committed 5376K, reserved 1048576K
Event: 6.123 GC heap after
Heap after GC invocations=10 (full 2):
 PSYoungGen      total 105472K, used 5790K [0x00000000eab00000, 0x00000000f3c00000, 0x0000000100000000)
  eden space 96256K, 0% used [0x00000000eab00000,0x00000000eab00000,0x00000000f0900000)
  from space 9216K, 62% used [0x00000000f1380000,0x00000000f19278d8,0x00000000f1c80000)
  to   space 10752K, 0% used [0x00000000f0900000,0x00000000f0900000,0x00000000f1380000)
 ParOldGen       total 155648K, used 14778K [0x00000000c0000000, 0x00000000c9800000, 0x00000000eab00000)
  object space 155648K, 9% used [0x00000000c0000000,0x00000000c0e6eb90,0x00000000c9800000)
 Metaspace       used 40224K, capacity 41110K, committed 41176K, reserved 1085440K
  class space    used 5013K, capacity 5372K, committed 5376K, reserved 1048576K
}

